#
# There is insufficient memory for the Java Runtime Environment to continue.
# Native memory allocation (mmap) failed to map 264241152 bytes. Error detail: G1 virtual space
# Possible reasons:
#   The system is out of physical RAM or swap space
#   This process is running with CompressedOops enabled, and the Java Heap may be blocking the growth of the native heap
# Possible solutions:
#   Reduce memory load on the system
#   Increase physical memory or swap space
#   Check if swap backing store is full
#   Decrease Java heap size (-Xmx/-Xms)
#   Decrease number of Java threads
#   Decrease Java thread stack sizes (-Xss)
#   Set larger code cache with -XX:ReservedCodeCacheSize=
#   JVM is running with Zero Based Compressed Oops mode in which the Java heap is
#     placed in the first 32GB address space. The Java Heap base address is the
#     maximum limit for the native heap growth. Please use -XX:HeapBaseMinAddress
#     to set the Java Heap base and to place the Java Heap above 32GB virtual address.
# This output file may be truncated or incomplete.
#
#  Out of Memory Error (os_windows.cpp:3925), pid=7108, tid=13360
#
# JRE version:  (21.0.8+9) (build )
# Java VM: OpenJDK 64-Bit Server VM (21.0.8+9-b1163.69, mixed mode, sharing, tiered, compressed oops, compressed class ptrs, g1 gc, windows-amd64)
# No core dump will be written. Minidumps are not enabled by default on client versions of Windows
#

---------------  S U M M A R Y ------------

Command Line: git4idea.http.GitAskPassApp Username for 'https://github.com': 

Host: 11th Gen Intel(R) Core(TM) i5-1145G7 @ 2.60GHz, 8 cores, 15G,  Windows 10 , 64 bit Build 19041 (10.0.19041.5915)
Time: Tue Jun 23 08:17:11 2026 Hora oficial do Brasil elapsed time: 0.009909 seconds (0d 0h 0m 0s)

---------------  T H R E A D  ---------------

Current thread (0x000001bf9441ded0):  JavaThread "Unknown thread" [_thread_in_vm, id=13360, stack(0x0000003613c00000,0x0000003613d00000) (1024K)]

Stack: [0x0000003613c00000,0x0000003613d00000]
Native frames: (J=compiled Java code, j=interpreted, Vv=VM code, C=native code)
V  [jvm.dll+0x6ebf99]
V  [jvm.dll+0x8cbfa3]
V  [jvm.dll+0x8ce55e]
V  [jvm.dll+0x8cec43]
V  [jvm.dll+0x28adf6]
V  [jvm.dll+0x6e8775]
V  [jvm.dll+0x6dbfca]
V  [jvm.dll+0x36689b]
V  [jvm.dll+0x36e466]
V  [jvm.dll+0x3c08c6]
V  [jvm.dll+0x3c0b98]
V  [jvm.dll+0x3390cc]
V  [jvm.dll+0x339dbb]
V  [jvm.dll+0x893429]
V  [jvm.dll+0x3cda98]
V  [jvm.dll+0x87c448]
V  [jvm.dll+0x46283e]
V  [jvm.dll+0x464521]
C  [jli.dll+0x52ab]
C  [ucrtbase.dll+0x21bb2]
C  [KERNEL32.DLL+0x17374]
C  [ntdll.dll+0x4cc91]


---------------  P R O C E S S  ---------------

Threads class SMR info:
_java_thread_list=0x00007ffdfaf342c8, length=0, elements={
}

Java Threads: ( => current thread )
Total: 0

Other Threads:
  0x000001bf968520f0 WorkerThread "GC Thread#0"                     [id=16060, stack(0x0000003613d00000,0x0000003613e00000) (1024K)]
  0x000001bf96863b70 ConcurrentGCThread "G1 Main Marker"            [id=16004, stack(0x0000003613e00000,0x0000003613f00000) (1024K)]
  0x000001bf96864820 WorkerThread "G1 Conc#0"                       [id=7552, stack(0x0000003613f00000,0x0000003614000000) (1024K)]

[error occurred during error reporting (printing all threads), id 0xc0000005, EXCEPTION_ACCESS_VIOLATION (0xc0000005) at pc=0x00007ffdfa61c0b7]
VM state: not at safepoint (not fully initialized)

VM Mutex/Monitor currently owned by a thread:  ([mutex/lock_event])
[0x00007ffdfafa8d58] Heap_lock - owner thread: 0x000001bf9441ded0

Heap address: 0x0000000705600000, size: 4010 MB, Compressed Oops mode: Zero based, Oop shift amount: 3

CDS archive(s) mapped at: [0x0000000000000000-0x0000000000000000-0x0000000000000000), size 0, SharedBaseAddress: 0x0000000800000000, ArchiveRelocationMode: 1.
Narrow klass base: 0x0000000000000000, Narrow klass shift: 0, Narrow klass range: 0x0

GC Precious Log:
 CardTable entry size: 512
 Card Set container configuration: InlinePtr #cards 4 size 8 Array Of Cards #cards 16 size 48 Howl #buckets 8 coarsen threshold 3686 Howl Bitmap #cards 512 size 80 coarsen threshold 460 Card regions per heap region 1 cards per card region 4096

Heap:
 garbage-first heap   total 0K, used 0K [0x0000000705600000, 0x0000000800000000)
  region size 2048K, 0 young (0K), 0 survivors (0K)
 Metaspace       used 0K, committed 0K, reserved 0K
  class space    used 0K, committed 0K, reserved 0K

Heap Regions: E=young(eden), S=young(survivor), O=old, HS=humongous(starts), HC=humongous(continues), CS=collection set, F=free, TAMS=top-at-mark-start, PB=parsable bottom

Card table byte_map: [0x000001bfaa360000,0x000001bfaab40000] _byte_map_base: 0x000001bfa6b35000

Marking Bits: (CMBitMap*) 0x000001bf96853800
 Bits: [0x000001bfaab40000, 0x000001bfae9e8000)

GC Heap History (0 events):
No events

Dll operation events (1 events):
Event: 0.006 Loaded shared library C:\Program Files\JetBrains\IntelliJ IDEA 2025.3\jbr\bin\java.dll

Deoptimization events (0 events):
No events

Classes loaded (0 events):
No events

Classes unloaded (0 events):
No events

Classes redefined (0 events):
No events

Internal exceptions (0 events):
No events

ZGC Phase Switch (0 events):
No events

VM Operations (0 events):
No events

Memory protections (0 events):
No events

Nmethod flushes (0 events):
No events

Events (0 events):
No events


Dynamic libraries:
0x00007ff730bc0000 - 0x00007ff730bca000 	C:\Program Files\JetBrains\IntelliJ IDEA 2025.3\jbr\bin\java.exe
0x00007ffe49fd0000 - 0x00007ffe4a1c8000 	C:\Windows\SYSTEM32\ntdll.dll
0x00007ffe499f0000 - 0x00007ffe49ab2000 	C:\Windows\System32\KERNEL32.DLL
0x00007ffe47cf0000 - 0x00007ffe47fe6000 	C:\Windows\System32\KERNELBASE.dll
0x00007ffe47bf0000 - 0x00007ffe47cf0000 	C:\Windows\System32\ucrtbase.dll
0x00007ffe3fa70000 - 0x00007ffe3fa8b000 	C:\Program Files\JetBrains\IntelliJ IDEA 2025.3\jbr\bin\VCRUNTIME140.dll
0x00007ffe10d00000 - 0x00007ffe10d18000 	C:\Program Files\JetBrains\IntelliJ IDEA 2025.3\jbr\bin\jli.dll
0x00007ffe49b70000 - 0x00007ffe49d11000 	C:\Windows\System32\USER32.dll
0x00007ffe47660000 - 0x00007ffe47682000 	C:\Windows\System32\win32u.dll
0x00007ffe47ff0000 - 0x00007ffe4801b000 	C:\Windows\System32\GDI32.dll
0x00007ffe47a20000 - 0x00007ffe47b39000 	C:\Windows\System32\gdi32full.dll
0x00007ffe2cd60000 - 0x00007ffe2cffb000 	C:\Windows\WinSxS\amd64_microsoft.windows.common-controls_6595b64144ccf1df_6.0.19041.6456_none_60b8a6cb71f64256\COMCTL32.dll
0x00007ffe47690000 - 0x00007ffe4772d000 	C:\Windows\System32\msvcp_win.dll
0x00007ffe49810000 - 0x00007ffe498ae000 	C:\Windows\System32\msvcrt.dll
0x00007ffe498b0000 - 0x00007ffe498df000 	C:\Windows\System32\IMM32.DLL
0x00007ffe3fa60000 - 0x00007ffe3fa6c000 	C:\Program Files\JetBrains\IntelliJ IDEA 2025.3\jbr\bin\vcruntime140_1.dll
0x00007ffd917c0000 - 0x00007ffd9184d000 	C:\Program Files\JetBrains\IntelliJ IDEA 2025.3\jbr\bin\msvcp140.dll
0x00007ffdfa2d0000 - 0x00007ffdfb09c000 	C:\Program Files\JetBrains\IntelliJ IDEA 2025.3\jbr\bin\server\jvm.dll
0x00007ffe49e70000 - 0x00007ffe49f21000 	C:\Windows\System32\ADVAPI32.dll
0x00007ffe48020000 - 0x00007ffe480bf000 	C:\Windows\System32\sechost.dll
0x00007ffe49670000 - 0x00007ffe49790000 	C:\Windows\System32\RPCRT4.dll
0x00007ffe477b0000 - 0x00007ffe477d7000 	C:\Windows\System32\bcrypt.dll
0x00007ffe49600000 - 0x00007ffe4966b000 	C:\Windows\System32\WS2_32.dll
0x00007ffe37890000 - 0x00007ffe378b7000 	C:\Windows\SYSTEM32\WINMM.dll
0x00007ffe46bb0000 - 0x00007ffe46bfb000 	C:\Windows\SYSTEM32\POWRPROF.dll
0x00007ffe3f820000 - 0x00007ffe3f82a000 	C:\Windows\SYSTEM32\VERSION.dll
0x00007ffe46a20000 - 0x00007ffe46a32000 	C:\Windows\SYSTEM32\UMPDC.dll
0x00007ffe45e30000 - 0x00007ffe45e42000 	C:\Windows\SYSTEM32\kernel.appcore.dll
0x00007ffe3fa50000 - 0x00007ffe3fa5a000 	C:\Program Files\JetBrains\IntelliJ IDEA 2025.3\jbr\bin\jimage.dll
0x00007ffe45c10000 - 0x00007ffe45e11000 	C:\Windows\SYSTEM32\DBGHELP.DLL
0x00007ffe208c0000 - 0x00007ffe208f4000 	C:\Windows\SYSTEM32\dbgcore.DLL
0x00007ffe47990000 - 0x00007ffe47a12000 	C:\Windows\System32\bcryptPrimitives.dll
0x00007ffe3fa30000 - 0x00007ffe3fa50000 	C:\Program Files\JetBrains\IntelliJ IDEA 2025.3\jbr\bin\java.dll

JVMTI agents: none

dbghelp: loaded successfully - version: 4.0.5 - missing functions: none
symbol engine: initialized successfully - sym options: 0x614 - pdb path: .;C:\Program Files\JetBrains\IntelliJ IDEA 2025.3\jbr\bin;C:\Windows\SYSTEM32;C:\Windows\WinSxS\amd64_microsoft.windows.common-controls_6595b64144ccf1df_6.0.19041.6456_none_60b8a6cb71f64256;C:\Program Files\JetBrains\IntelliJ IDEA 2025.3\jbr\bin\server

VM Arguments:
java_command: git4idea.http.GitAskPassApp Username for 'https://github.com': 
java_class_path (initial): C:/Program Files/JetBrains/IntelliJ IDEA 2025.3/plugins/vcs-git/lib/git4idea-rt.jar;C:/Program Files/JetBrains/IntelliJ IDEA 2025.3/lib/externalProcess-rt.jar
Launcher Type: SUN_STANDARD

[Global flags]
     intx CICompilerCount                          = 4                                         {product} {ergonomic}
     uint ConcGCThreads                            = 2                                         {product} {ergonomic}
     uint G1ConcRefinementThreads                  = 8                                         {product} {ergonomic}
   size_t G1HeapRegionSize                         = 2097152                                   {product} {ergonomic}
    uintx GCDrainStackTargetSize                   = 64                                        {product} {ergonomic}
   size_t InitialHeapSize                          = 264241152                                 {product} {ergonomic}
   size_t MarkStackSize                            = 4194304                                   {product} {ergonomic}
   size_t MaxHeapSize                              = 4204789760                                {product} {ergonomic}
   size_t MinHeapDeltaBytes                        = 2097152                                   {product} {ergonomic}
   size_t MinHeapSize                              = 8388608                                   {product} {ergonomic}
    uintx NonNMethodCodeHeapSize                   = 5839372                                {pd product} {ergonomic}
    uintx NonProfiledCodeHeapSize                  = 122909434                              {pd product} {ergonomic}
    uintx ProfiledCodeHeapSize                     = 122909434                              {pd product} {ergonomic}
    uintx ReservedCodeCacheSize                    = 251658240                              {pd product} {ergonomic}
     bool SegmentedCodeCache                       = true                                      {product} {ergonomic}
   size_t SoftMaxHeapSize                          = 4204789760                             {manageable} {ergonomic}
     bool UseCompressedOops                        = true                           {product lp64_product} {ergonomic}
     bool UseG1GC                                  = true                                      {product} {ergonomic}
     bool UseLargePagesIndividualAllocation        = false                                  {pd product} {ergonomic}

Logging:
Log output configuration:
 #0: stdout all=warning uptime,level,tags foldmultilines=false
 #1: stderr all=off uptime,level,tags foldmultilines=false

Environment Variables:
PATH=C:\Program Files\Git\mingw64\libexec\git-core;C:\Program Files\Git\mingw64\libexec\git-core;C:\Program Files\Git\mingw64\bin;C:\Program Files\Git\usr\bin;C:\Users\etechas\bin;C:\Program Files\Common Files\Oracle\Java\javapath;C:\Program Files (x86)\Common Files\Oracle\Java\java8path;C:\Program Files (x86)\Common Files\Oracle\Java\javapath;C:\Windows\system32;C:\Windows;C:\Windows\System32\Wbem;C:\Windows\System32\WindowsPowerShell\v1.0;C:\Windows\System32\OpenSSH;C:\Program Files\Microsoft VS Code\bin;C:\Program Files\Docker\Docker\resources\bin;C:\Program Files\Microsoft SQL Server\170\Tools\Binn;C:\Program Files\Microsoft SQL Server\Client SDK\ODBC\170\Tools\Binn;C:\Program Files\dotnet;C:\Program Files\Git\cmd;C:\Program Files\nodejs;C:\Users\etechas\AppData\Local\Programs\Python\Launcher;C:\Users\etechas\AppData\Local\Microsoft\WindowsApps;C:\Users\etechas\.dotnet\tools;C:\Users\etechas\AppData\Roaming\npm;C:\Program Files\JetBrains\IntelliJ IDEA 2025.3\bin;C:\Program Files\JetBrains\PyCharm 2025.3\bin;C:\Program Files (x86)\Android\android-sdk\platform-tools;C:\Program Files (x86)\Android\android-sdk\emulator;C:\Program Files (x86)\Android\android-sdk\tools;C:\Program Files (x86)\Android\android-sdk\tools\bin
USERNAME=etechas
DISPLAY=:0.0
LC_ALL=en_US.UTF-8
TERM=xterm-256color
TMPDIR=C:\Users\etechas\AppData\Local\Temp
OS=Windows_NT
PROCESSOR_IDENTIFIER=Intel64 Family 6 Model 140 Stepping 1, GenuineIntel
TMP=C:\Users\etechas\AppData\Local\Temp
TEMP=C:\Users\etechas\AppData\Local\Temp




Periodic native trim disabled

JNI global refs:
JNI global refs: 0, weak refs: 0

JNI global refs memory usage: 0, weak refs: 0

Process memory usage:
Resident Set Size: 11000K (0% of 16424204K total physical memory with 410244K free physical memory)

OOME stack traces (most recent first):
Classloader memory used:

---------------  S Y S T E M  ---------------

OS:
 Windows 10 , 64 bit Build 19041 (10.0.19041.5915)
OS uptime: 0 days 0:57 hours
Hyper-V role detected

CPU: total 8 (initial active 8) (4 cores per cpu, 2 threads per core) family 6 model 140 stepping 1 microcode 0xbe, cx8, cmov, fxsr, ht, mmx, 3dnowpref, sse, sse2, sse3, ssse3, sse4.1, sse4.2, popcnt, lzcnt, tsc, tscinvbit, avx, avx2, aes, erms, clmul, bmi1, bmi2, adx, avx512f, avx512dq, avx512cd, avx512bw, avx512vl, sha, fma, vzeroupper, avx512_vpopcntdq, avx512_vpclmulqdq, avx512_vaes, avx512_vnni, clflush, clflushopt, clwb, avx512_vbmi2, avx512_vbmi, hv, rdtscp, rdpid, fsrm, gfni, avx512_bitalg, f16c, cet_ibt, cet_ss, avx512_ifma
Processor Information for the first 8 processors :
  Max Mhz: 2611, Current Mhz: 1104, Mhz Limit: 1096

Memory: 4k page, system-wide physical 16039M (400M free)
TotalPageFile size 16039M (AvailPageFile size 56M)
current process WorkingSet (physical memory assigned to process): 10M, peak: 10M
current process commit charge ("private bytes"): 60M, peak: 312M

vm_info: OpenJDK 64-Bit Server VM (21.0.8+9-b1163.69) for windows-amd64 JRE (21.0.8+9-b1163.69), built on 2025-10-24 by "builduser" with MS VC++ 16.10 / 16.11 (VS2019)

END.
